This file contains any messages produced by compilers while
running configure, to aid debugging if configure makes a mistake.

configure:583: checking for a BSD compatible install
configure:636: checking whether build environment is sane
configure:693: checking whether make sets ${MAKE}
configure:739: checking for working aclocal
configure:752: checking for working autoconf
configure:765: checking for working automake
configure:778: checking for working autoheader
configure:791: checking for working makeinfo
configure:808: checking for gcc
configure:921: checking whether the C compiler (gcc  ) works
configure:937: gcc -o conftest    conftest.c  1>&5
configure:963: checking whether the C compiler (gcc  ) is a cross-compiler
configure:968: checking whether we are using GNU C
configure:996: checking whether gcc accepts -g
configure:1030: checking for ranlib
configure:1058: checking how to run the C preprocessor
configure:1141: checking for sys/soundcard.h
configure:1181: checking for obstack.h
configure:1221: checking for dirent.h
configure:1261: checking for unistd.h
configure:1301: checking for readline/readline.h
configure:1341: checking for readline/history.h
configure:1381: checking for getopt.h
configure:1420: checking for pipe
configure:1420: checking for socketpair
configure:1420: checking for fork
configure:1474: checking for ggi
configure:1557: checking for (n)curses
configure:1663: checking for flex
configure:1696: checking for flex
configure:1730: checking for yywrap in -lfl
configure:1772: checking lex output file root
configure:1793: checking whether yytext is a pointer
configure:1886: checking for glib-config
configure:1921: checking for GLIB - version >= 1.2.0
configure:2020: gcc -o conftest -g -O2 -I/usr/local/lib/glib/include -I/usr/local/include   conftest.c -L/usr/local/lib -lglib  1>&5
configure:2113: checking for libpng
configure:2193: checking whether byte ordering is bigendian
